{
  "RSpec": {
    "coverage": {
      "/Users/gabrielflauzino/Documents/pessoal/projetos/notes-app/backend/app/models/note.rb": {
        "lines": [
          1,
          1,
          null,
          1,
          null
        ]
      },
      "/Users/gabrielflauzino/Documents/pessoal/projetos/notes-app/backend/app/models/application_record.rb": {
        "lines": [
          1,
          1,
          null
        ]
      },
      "/Users/gabrielflauzino/Documents/pessoal/projetos/notes-app/backend/app/controllers/api/v1/notes_controller.rb": {
        "lines": [
          1,
          1,
          1,
          1,
          1,
          1,
          null,
          null,
          1,
          2,
          null,
          2,
          1,
          null,
          1,
          null,
          null,
          null,
          null,
          1,
          null,
          1,
          2,
          null,
          null,
          null,
          null
        ]
      },
      "/Users/gabrielflauzino/Documents/pessoal/projetos/notes-app/backend/app/controllers/application_controller.rb": {
        "lines": [
          1,
          null
        ]
      },
      "/Users/gabrielflauzino/Documents/pessoal/projetos/notes-app/backend/app/blueprints/api/v1/note_blueprint.rb": {
        "lines": [
          1,
          1,
          1,
          1,
          null,
          1,
          null,
          null,
          null
        ]
      }
    },
    "timestamp": 1770773070
  }
}
